<?xml version="1.0" encoding="UTF-8"?>
<testsuite xmlns:xsi="http://www.w3.org/2001/XMLSchema-instance" xsi:noNamespaceSchemaLocation="https://maven.apache.org/surefire/maven-surefire-plugin/xsd/surefire-test-report-3.0.xsd" version="3.0" name="flightapp.FlightServiceTest" time="290.201" tests="24" errors="0" skipped="0" failures="0">
  <properties>
[...]
</properties>
  <testcase name="runTest[0]" classname="flightapp.FlightServiceTest" time="18.198">
    <system-out><![CDATA[Running test setup...
... using dbconn.properties for test credentials
... resetting database (ie, dropping all tables with suffix: ebai2022)
... running createTables.sql

Starting tests
Running test file: C:\Users\Ethan\Documents\CSE344\hw6\cases\no_transaction\book\book_basic.test.txt
]]></system-out>
  </testcase>
  <testcase name="runTest[1]" classname="flightapp.FlightServiceTest" time="18.319">
    <system-out><![CDATA[Running test file: C:\Users\Ethan\Documents\CSE344\hw6\cases\no_transaction\book\book_withoutLogIn.test.txt
]]></system-out>
  </testcase>
  <testcase name="runTest[2]" classname="flightapp.FlightServiceTest" time="2.38">
    <system-out><![CDATA[Running test file: C:\Users\Ethan\Documents\CSE344\hw6\cases\no_transaction\create\create_basic.test.txt
]]></system-out>
  </testcase>
  <testcase name="runTest[3]" classname="flightapp.FlightServiceTest" time="1.439">
    <system-out><![CDATA[Running test file: C:\Users\Ethan\Documents\CSE344\hw6\cases\no_transaction\create\create_duplicate.test.txt
]]></system-out>
  </testcase>
  <testcase name="runTest[4]" classname="flightapp.FlightServiceTest" time="0.719">
    <system-out><![CDATA[Running test file: C:\Users\Ethan\Documents\CSE344\hw6\cases\no_transaction\create\create_negbalance.test.txt
]]></system-out>
  </testcase>
  <testcase name="runTest[5]" classname="flightapp.FlightServiceTest" time="1.928">
    <system-out><![CDATA[Running test file: C:\Users\Ethan\Documents\CSE344\hw6\cases\no_transaction\login\login_already.test.txt
]]></system-out>
  </testcase>
  <testcase name="runTest[6]" classname="flightapp.FlightServiceTest" time="1.619">
    <system-out><![CDATA[Running test file: C:\Users\Ethan\Documents\CSE344\hw6\cases\no_transaction\login\login_alreadyWrongPassword.test.txt
]]></system-out>
  </testcase>
  <testcase name="runTest[7]" classname="flightapp.FlightServiceTest" time="3.098">
    <system-out><![CDATA[Running test file: C:\Users\Ethan\Documents\CSE344\hw6\cases\no_transaction\login\login_sameUser.test.txt
]]></system-out>
  </testcase>
  <testcase name="runTest[8]" classname="flightapp.FlightServiceTest" time="1.64">
    <system-out><![CDATA[Running test file: C:\Users\Ethan\Documents\CSE344\hw6\cases\no_transaction\login\login_single.test.txt
]]></system-out>
  </testcase>
  <testcase name="runTest[9]" classname="flightapp.FlightServiceTest" time="1.425">
    <system-out><![CDATA[Running test file: C:\Users\Ethan\Documents\CSE344\hw6\cases\no_transaction\login\login_success.test.txt
]]></system-out>
  </testcase>
  <testcase name="runTest[10]" classname="flightapp.FlightServiceTest" time="1.435">
    <system-out><![CDATA[Running test file: C:\Users\Ethan\Documents\CSE344\hw6\cases\no_transaction\login\login_wrongPassword.test.txt
]]></system-out>
  </testcase>
  <testcase name="runTest[11]" classname="flightapp.FlightServiceTest" time="19.803">
    <system-out><![CDATA[Running test file: C:\Users\Ethan\Documents\CSE344\hw6\cases\no_transaction\pay\pay_already.test.txt
]]></system-out>
  </testcase>
  <testcase name="runTest[12]" classname="flightapp.FlightServiceTest" time="18.7">
    <system-out><![CDATA[Running test file: C:\Users\Ethan\Documents\CSE344\hw6\cases\no_transaction\pay\pay_basic.test.txt
]]></system-out>
  </testcase>
  <testcase name="runTest[13]" classname="flightapp.FlightServiceTest" time="23.285">
    <system-out><![CDATA[Running test file: C:\Users\Ethan\Documents\CSE344\hw6\cases\no_transaction\pay\pay_indirectFlightsItinerary.test.txt
]]></system-out>
  </testcase>
  <testcase name="runTest[14]" classname="flightapp.FlightServiceTest" time="18.874">
    <system-out><![CDATA[Running test file: C:\Users\Ethan\Documents\CSE344\hw6\cases\no_transaction\pay\pay_insufficient.test.txt
]]></system-out>
  </testcase>
  <testcase name="runTest[15]" classname="flightapp.FlightServiceTest" time="21.335">
    <system-out><![CDATA[Running test file: C:\Users\Ethan\Documents\CSE344\hw6\cases\no_transaction\reservations\reservations_basic.test.txt
]]></system-out>
  </testcase>
  <testcase name="runTest[16]" classname="flightapp.FlightServiceTest" time="20.287">
    <system-out><![CDATA[Running test file: C:\Users\Ethan\Documents\CSE344\hw6\cases\no_transaction\reservations\reservations_same_day.test.txt
]]></system-out>
  </testcase>
  <testcase name="runTest[17]" classname="flightapp.FlightServiceTest" time="0.809">
    <system-out><![CDATA[Running test file: C:\Users\Ethan\Documents\CSE344\hw6\cases\no_transaction\reservations\reservations_userNotLoggedIn.test.txt
]]></system-out>
  </testcase>
  <testcase name="runTest[18]" classname="flightapp.FlightServiceTest" time="17.548">
    <system-out><![CDATA[Running test file: C:\Users\Ethan\Documents\CSE344\hw6\cases\no_transaction\search\search_basic.test.txt
]]></system-out>
  </testcase>
  <testcase name="runTest[19]" classname="flightapp.FlightServiceTest" time="17.903">
    <system-out><![CDATA[Running test file: C:\Users\Ethan\Documents\CSE344\hw6\cases\no_transaction\search\search_indirect.test.txt
]]></system-out>
  </testcase>
  <testcase name="runTest[20]" classname="flightapp.FlightServiceTest" time="18.864">
    <system-out><![CDATA[Running test file: C:\Users\Ethan\Documents\CSE344\hw6\cases\no_transaction\search\search_lessThanN.test.txt
]]></system-out>
  </testcase>
  <testcase name="runTest[21]" classname="flightapp.FlightServiceTest" time="18.69">
    <system-out><![CDATA[Running test file: C:\Users\Ethan\Documents\CSE344\hw6\cases\no_transaction\search\search_none.test.txt
]]></system-out>
  </testcase>
  <testcase name="runTest[22]" classname="flightapp.FlightServiceTest" time="21.268">
    <system-out><![CDATA[Running test file: C:\Users\Ethan\Documents\CSE344\hw6\cases\no_transaction\search\search_topk.test.txt
]]></system-out>
  </testcase>
  <testcase name="runTest[23]" classname="flightapp.FlightServiceTest" time="18.953">
    <system-out><![CDATA[Running test file: C:\Users\Ethan\Documents\CSE344\hw6\cases\no_transaction\search\search_topk_direct.test.txt
]]></system-out>
  </testcase>
</testsuite>